[21Dec2024 00:06:23.371] [VoiceChatPacketProcessingThread/INFO] [voicechat/]: [voicechat] Player 9d5f817f-1ec3-3d95-a7eb-43cab3e4cb26 timed out
[21Dec2024 00:06:23.380] [VoiceChatPacketProcessingThread/INFO] [voicechat/]: [voicechat] Reconnecting player pexos
[21Dec2024 00:06:23.381] [VoiceChatPacketProcessingThread/INFO] [voicechat/]: [voicechat] Sent secret to pexos
[21Dec2024 00:06:38.666] [Server thread/INFO] [net.minecraft.server.network.ServerGamePacketListenerImpl/]: pexos lost connection: You logged in from another location
[21Dec2024 00:06:38.667] [Server thread/INFO] [net.minecraft.server.MinecraftServer/]: pexos left the game
[21Dec2024 00:06:38.667] [Server thread/INFO] [voicechat/]: [voicechat] Disconnecting client pexos
[21Dec2024 00:06:38.702] [Server thread/INFO] [net.minecraft.server.players.PlayerList/]: pexos[/127.118.143.38:55885] logged in with entity id 116534 at (757.022924689033, 64.0, -444.475729367138)
[21Dec2024 00:06:38.716] [Server thread/INFO] [net.minecraft.server.MinecraftServer/]: pexos joined the game
[21Dec2024 00:06:38.925] [Server thread/INFO] [voicechat/]: [voicechat] Received secret request of pexos (18)
[21Dec2024 00:06:38.926] [Server thread/INFO] [voicechat/]: [voicechat] Sent secret to pexos
[21Dec2024 00:06:38.962] [Netty Epoll Server IO #7/ERROR] [dev.architectury.networking.forge.NetworkManagerImpl/]: Unknown message ID: unitytranslate:set_current_language
[21Dec2024 00:06:54.013] [VoiceChatPacketProcessingThread/INFO] [voicechat/]: [voicechat] Successfully authenticated player 9d5f817f-1ec3-3d95-a7eb-43cab3e4cb26
[21Dec2024 00:06:55.012] [VoiceChatPacketProcessingThread/INFO] [voicechat/]: [voicechat] Successfully validated connection of player 9d5f817f-1ec3-3d95-a7eb-43cab3e4cb26
[21Dec2024 00:06:55.012] [VoiceChatPacketProcessingThread/INFO] [voicechat/]: [voicechat] Player pexos (9d5f817f-1ec3-3d95-a7eb-43cab3e4cb26) successfully connected to voice chat
[21Dec2024 00:07:30.518] [Server thread/INFO] [net.minecraft.server.network.ServerGamePacketListenerImpl/]: pexos lost connection: Disconnected
[21Dec2024 00:07:30.519] [Server thread/INFO] [net.minecraft.server.MinecraftServer/]: pexos left the game
[21Dec2024 00:07:30.520] [Server thread/INFO] [voicechat/]: [voicechat] Disconnecting client pexos
[21Dec2024 00:08:11.114] [Server thread/INFO] [net.minecraft.server.network.ServerLoginPacketListenerImpl/]: com.mojang.authlib.GameProfile@1cc40b14[id=<null>,name=pexos,properties={},legacy=false] (/127.118.143.38:38993) lost connection: Disconnected
[21Dec2024 00:08:46.111] [Server thread/INFO] [net.minecraft.server.network.ServerLoginPacketListenerImpl/]: com.mojang.authlib.GameProfile@26e22f92[id=<null>,name=pexos,properties={},legacy=false] (/127.118.143.38:58655) lost connection: Disconnected
[21Dec2024 00:09:23.508] [Server thread/INFO] [net.minecraft.server.network.ServerLoginPacketListenerImpl/]: com.mojang.authlib.GameProfile@3398f5d6[id=<null>,name=pexos,properties={},legacy=false] (/127.118.143.38:48513) lost connection: Disconnected
[21Dec2024 00:11:07.214] [Server thread/INFO] [net.minecraft.server.players.PlayerList/]: pexos[/127.118.143.38:58541] logged in with entity id 121484 at (752.9387446093106, 64.0, -449.2515644121968)
[21Dec2024 00:11:07.246] [Server thread/INFO] [net.minecraft.server.MinecraftServer/]: pexos joined the game
[21Dec2024 00:11:07.980] [Server thread/INFO] [voicechat/]: [voicechat] Received secret request of pexos (18)
[21Dec2024 00:11:07.981] [Server thread/INFO] [voicechat/]: [voicechat] Sent secret to pexos
[21Dec2024 00:11:07.987] [Netty Epoll Server IO #5/ERROR] [dev.architectury.networking.forge.NetworkManagerImpl/]: Unknown message ID: unitytranslate:set_current_language
[21Dec2024 00:11:19.452] [VoiceChatPacketProcessingThread/INFO] [voicechat/]: [voicechat] Successfully authenticated player 9d5f817f-1ec3-3d95-a7eb-43cab3e4cb26
[21Dec2024 00:11:20.453] [VoiceChatPacketProcessingThread/INFO] [voicechat/]: [voicechat] Successfully validated connection of player 9d5f817f-1ec3-3d95-a7eb-43cab3e4cb26
[21Dec2024 00:11:20.454] [VoiceChatPacketProcessingThread/INFO] [voicechat/]: [voicechat] Player pexos (9d5f817f-1ec3-3d95-a7eb-43cab3e4cb26) successfully connected to voice chat
[21Dec2024 00:18:50.482] [Server thread/INFO] [net.minecraft.server.network.ServerGamePacketListenerImpl/]: thefuuu1 lost connection: Disconnected
[21Dec2024 00:18:50.483] [Server thread/INFO] [net.minecraft.server.MinecraftServer/]: thefuuu1 left the game
[21Dec2024 00:18:50.483] [Server thread/INFO] [voicechat/]: [voicechat] Disconnecting client thefuuu1
[21Dec2024 00:19:05.280] [Server thread/INFO] [net.minecraft.server.players.PlayerList/]: thefuuu1[/127.152.208.13:45075] logged in with entity id 127485 at (918.0585741779336, 5.0, -351.53485902827885)
[21Dec2024 00:19:05.289] [Server thread/INFO] [net.minecraft.server.MinecraftServer/]: thefuuu1 joined the game
[21Dec2024 00:19:05.475] [Server thread/INFO] [voicechat/]: [voicechat] Received secret request of thefuuu1 (18)
[21Dec2024 00:19:05.476] [Server thread/INFO] [voicechat/]: [voicechat] Sent secret to thefuuu1
[21Dec2024 00:19:05.500] [Netty Epoll Server IO #0/ERROR] [dev.architectury.networking.forge.NetworkManagerImpl/]: Unknown message ID: unitytranslate:set_used_languages
[21Dec2024 00:19:05.501] [Netty Epoll Server IO #0/ERROR] [dev.architectury.networking.forge.NetworkManagerImpl/]: Unknown message ID: unitytranslate:set_current_language
[21Dec2024 00:19:11.263] [VoiceChatPacketProcessingThread/INFO] [voicechat/]: [voicechat] Successfully authenticated player fd3b9f39-f73a-3dba-8b09-80d7116f44f9
[21Dec2024 00:19:12.263] [VoiceChatPacketProcessingThread/INFO] [voicechat/]: [voicechat] Successfully validated connection of player fd3b9f39-f73a-3dba-8b09-80d7116f44f9
[21Dec2024 00:19:12.264] [VoiceChatPacketProcessingThread/INFO] [voicechat/]: [voicechat] Player thefuuu1 (fd3b9f39-f73a-3dba-8b09-80d7116f44f9) successfully connected to voice chat
[21Dec2024 00:35:50.018] [Server thread/WARN] [pointblank/]: Skipping loading of outdated or expired slot mappings.
[21Dec2024 00:43:22.862] [Server thread/INFO] [net.minecraft.server.MinecraftServer/]: thefuuu1 has made the advancement [Voluntary Exile]
[21Dec2024 01:05:05.769] [Server thread/INFO] [net.minecraft.server.network.ServerGamePacketListenerImpl/]: thefuuu1 lost connection: Disconnected
[21Dec2024 01:05:05.770] [Server thread/INFO] [net.minecraft.server.MinecraftServer/]: thefuuu1 left the game
[21Dec2024 01:05:05.770] [Server thread/INFO] [voicechat/]: [voicechat] Disconnecting client thefuuu1
[21Dec2024 01:06:25.662] [Server thread/INFO] [net.minecraft.server.network.ServerGamePacketListenerImpl/]: pexos lost connection: Disconnected
[21Dec2024 01:06:25.663] [Server thread/INFO] [net.minecraft.server.MinecraftServer/]: pexos left the game
[21Dec2024 01:06:25.664] [Server thread/INFO] [voicechat/]: [voicechat] Disconnecting client pexos
[21Dec2024 01:06:34.693] [Server thread/INFO] [net.minecraft.server.MinecraftServer/]: Stopping the server
[21Dec2024 01:06:34.740] [Server thread/INFO] [net.minecraft.server.MinecraftServer/]: Stopping server
[21Dec2024 01:06:34.741] [Server thread/INFO] [net.minecraft.server.MinecraftServer/]: Saving players
[21Dec2024 01:06:34.741] [Server thread/INFO] [net.minecraft.server.MinecraftServer/]: Saving worlds
[21Dec2024 01:06:35.162] [Server thread/INFO] [net.minecraft.server.MinecraftServer/]: Saving chunks for level 'ServerLevel[world]'/minecraft:overworld
[21Dec2024 01:06:35.487] [Server thread/INFO] [net.minecraft.server.MinecraftServer/]: Saving chunks for level 'ServerLevel[world]'/minecraft:the_end
[21Dec2024 01:06:35.488] [Server thread/INFO] [net.minecraft.server.MinecraftServer/]: Saving chunks for level 'ServerLevel[world]'/minecraft:the_nether
[21Dec2024 01:06:35.545] [Server thread/INFO] [net.minecraft.server.MinecraftServer/]: ThreadedAnvilChunkStorage (world): All chunks are saved
[21Dec2024 01:06:35.545] [Server thread/INFO] [net.minecraft.server.MinecraftServer/]: ThreadedAnvilChunkStorage (DIM1): All chunks are saved
[21Dec2024 01:06:35.545] [Server thread/INFO] [net.minecraft.server.MinecraftServer/]: ThreadedAnvilChunkStorage (DIM-1): All chunks are saved
[21Dec2024 01:06:35.545] [Server thread/INFO] [net.minecraft.server.MinecraftServer/]: ThreadedAnvilChunkStorage: All dimensions are saved
[21Dec2024 01:06:35.570] [Server thread/INFO] [Framework/]: Unloading server configs...
[21Dec2024 01:06:35.571] [Server thread/INFO] [Framework/]: Sending config unload event for refurbished_furniture.server.toml
[21Dec2024 01:06:35.574] [Server thread/INFO] [journeymap/]: Loading JourneyMap Forge Configs
